[INFO ] 2021-03-02 00:36:56.097 [main] TestBase - webkul
[TRACE] 2021-03-02 00:36:56.122 [main] TestBase - trace
[INFO ] 2021-03-02 00:36:56.225 [main] TestBase - webkul
[TRACE] 2021-03-02 00:36:56.226 [main] TestBase - trace
[INFO ] 2021-03-02 00:37:13.754 [main] TestBase - webkul
[TRACE] 2021-03-02 00:37:13.755 [main] TestBase - trace
[INFO ] 2021-03-02 22:55:30.952 [main] TestBase - webkul
[TRACE] 2021-03-02 22:55:30.981 [main] TestBase - trace
[INFO ] 2021-03-02 22:55:31.287 [main] TestBase - webkul
[TRACE] 2021-03-02 22:55:31.287 [main] TestBase - trace
[INFO ] 2021-03-02 22:56:16.064 [main] TestBase - webkul
[TRACE] 2021-03-02 22:56:16.076 [main] TestBase - trace
[INFO ] 2021-03-02 22:56:16.154 [main] TestBase - webkul
[TRACE] 2021-03-02 22:56:16.177 [main] TestBase - trace
[INFO ] 2021-03-02 22:56:35.311 [main] TestBase - webkul
[TRACE] 2021-03-02 22:56:35.312 [main] TestBase - trace
[INFO ] 2021-03-02 23:24:13.569 [main] TestBase - mission comlpeted
[INFO ] 2021-03-03 00:33:48.045 [main] TestBase - in upload fuction
[INFO ] 2021-03-03 00:41:36.264 [main] TestBase - in upload fuction
[INFO ] 2021-03-03 00:45:31.959 [main] TestBase - in upload fuction
[INFO ] 2021-03-03 00:48:09.049 [main] TestBase - in upload fuction
[INFO ] 2021-03-03 23:14:32.466 [main] TestBase - in upload fuction
[INFO ] 2021-03-03 23:23:24.300 [main] TestBase - in upload fuction
[INFO ] 2021-03-03 23:34:03.057 [main] TestBase - in upload fuction
[INFO ] 2021-03-03 23:40:33.624 [main] TestBase - in upload fuction
[INFO ] 2021-03-03 23:44:58.816 [main] TestBase - in upload fuction
[INFO ] 2021-03-03 23:54:32.064 [main] TestBase - in upload fuction
[INFO ] 2021-03-03 23:56:48.144 [main] TestBase - in upload fuction
[INFO ] 2021-03-04 00:01:43.215 [main] TestBase - in upload fuction
[INFO ] 2021-03-04 00:02:04.086 [main] TestBase - product has been created
[INFO ] 2021-03-04 00:17:52.814 [main] TestBase - in upload fuction
[INFO ] 2021-03-04 00:18:14.472 [main] TestBase - product has been created
[INFO ] 2021-03-04 00:22:57.055 [main] TestBase - in upload fuction
[INFO ] 2021-03-04 00:23:31.206 [main] TestBase - product has been created
[INFO ] 2021-03-04 00:32:25.069 [main] TestBase - in upload fuction
[INFO ] 2021-03-04 00:34:36.772 [main] TestBase - in upload fuction
[INFO ] 2021-03-04 00:37:48.105 [main] TestBase - in upload fuction
[INFO ] 2021-03-04 00:42:04.259 [main] TestBase - in upload fuction
[INFO ] 2021-03-04 00:45:08.568 [main] TestBase - in upload fuction
[INFO ] 2021-03-04 00:45:35.100 [main] TestBase - product has been not created
